2020-01-24 00:32:48 remove gcc-7:amd64
2020-01-24 00:46:42 remove cmake:amd64
2020-01-24 00:47:04 remove cmake-data:all
2020-01-24 00:47:04 remove libjsoncpp1:amd64
2020-01-24 00:47:04 remove librhash0:amd64
2020-01-24 00:47:04 remove libuv1:amd64
2020-01-24 00:51:46 remove bsd-mailx:amd64
2020-01-24 00:51:46 remove postfix:amd64
2020-01-24 00:52:01 remove libicu63:amd64
2020-01-24 00:52:01 remove liblockfile1:amd64
2020-01-24 00:52:01 remove liblockfile-bin:amd64
2020-01-24 01:08:28 remove nuget:all
2020-01-24 01:08:38 remove libnuget-core-cil:all
2020-01-24 01:10:32 remove youtube-dlg:all
2020-01-24 01:14:43 remove indicator-keylock:amd64
2020-01-24 01:15:03 remove python-twodict:all
2020-01-24 01:15:25 remove ukuu:amd64
2020-01-24 02:13:54 remove mesa-va-drivers:amd64
2020-01-24 02:40:11 remove gir1.2-totem-1.0:amd64
2020-01-24 02:40:11 remove libtotem0:amd64
2020-01-24 02:40:20 remove libgnome-desktop-3-18:amd64
2020-01-24 02:42:55 remove libfaudio0:amd64
2020-01-24 02:43:05 remove libstb0:amd64
2020-01-24 02:51:53 remove libsasl2-modules:amd64
2020-01-24 02:56:55 remove activity-log-manager:amd64
2020-01-24 02:56:55 remove gnome-software-plugin-snap:amd64
2020-01-24 02:56:56 remove apport-gtk:all
2020-01-24 02:56:56 remove sublime-text:amd64
2020-01-24 02:56:56 remove qt5-gtk-platformtheme:i386
2020-01-24 02:56:56 remove libgtk-3-0:i386
2020-01-24 02:56:56 remove ubuntu-artwork:all
2020-01-24 02:56:56 remove overlay-scrollbar-gtk2:i386
2020-01-24 02:56:56 remove fcitx-config-gtk:amd64
2020-01-24 02:56:57 remove fcitx-config-gtk2:amd64
2020-01-24 02:56:57 remove fcitx-config-common:all
2020-01-24 02:56:57 remove adwaita-icon-theme-full:all
2020-01-24 02:56:57 remove aisleriot:amd64
2020-01-24 02:56:57 remove alacarte:all
2020-01-24 02:56:57 remove appcenter:amd64
2020-01-24 02:56:57 remove nautilus-share:amd64
2020-01-24 02:56:57 remove apturl:amd64
2020-01-24 02:56:57 remove atom:amd64
2020-01-24 02:56:58 remove gdm3:amd64
2020-01-24 02:56:58 remove unity-session:all
2020-01-24 02:56:58 remove unity-tweak-tool:all
2020-01-24 02:56:58 remove unity:amd64
2020-01-24 02:56:58 remove bamfdaemon:amd64
2020-01-24 02:56:59 remove baobab:amd64
2020-01-24 02:56:59 remove cheese:amd64
2020-01-24 02:56:59 remove chrome-gnome-shell:all
2020-01-24 02:56:59 remove clipit:amd64
2020-01-24 02:56:59 remove code:amd64
2020-01-24 02:56:59 remove compiz:all
2020-01-24 02:56:59 remove compiz-gnome:amd64
2020-01-24 02:56:59 remove compizconfig-settings-manager:all
2020-01-24 02:56:59 remove dconf-editor:amd64
2020-01-24 02:56:59 remove dde-qt5integration:amd64
2020-01-24 02:56:59 remove deja-dup:amd64
2020-01-24 02:56:59 remove eog:amd64
2020-01-24 02:57:00 remove evince:amd64
2020-01-24 02:57:00 remove gnome-session:amd64
2020-01-24 02:57:00 remove unity-control-center:amd64
2020-01-24 02:57:00 remove flat-remix-gnome:amd64
2020-01-24 02:57:00 remove gconf-editor:amd64
2020-01-24 02:57:00 remove thunar-volman:amd64
2020-01-24 02:57:00 remove thunar:amd64
2020-01-24 02:57:00 remove xfce4-panel:amd64
2020-01-24 02:57:00 remove exo-utils:amd64
2020-01-24 02:57:00 remove fcitx-frontend-gtk2:amd64
2020-01-24 02:57:00 remove fcitx-frontend-gtk3:amd64
2020-01-24 02:57:00 remove nemo-fileroller:amd64
2020-01-24 02:57:00 remove file-roller:amd64
2020-01-24 02:57:00 remove firefox:amd64
2020-01-24 02:57:00 remove fsearch-trunk:amd64
2020-01-24 02:57:01 remove seahorse:amd64
2020-01-24 02:57:01 remove gdebi:all
2020-01-24 02:57:01 remove gedit-plugin-color-picker:amd64
2020-01-24 02:57:01 remove gedit:amd64
2020-01-24 02:57:01 remove gimp:amd64
2020-01-24 02:57:01 remove libappindicator-dev:amd64
2020-01-24 02:57:01 remove gir1.2-appindicator-0.1:amd64
2020-01-24 02:57:01 remove indicator-cpufreq:all
2020-01-24 02:57:02 remove gir1.2-appindicator3-0.1:amd64
2020-01-24 02:57:02 remove gnome-shell-extensions:all
2020-01-24 02:57:02 remove gir1.2-clutter-1.0:amd64
2020-01-24 02:57:02 remove gnome-tweak-tool:all
2020-01-24 02:57:02 remove gnome-tweaks:all
2020-01-24 02:57:02 remove libgtk2.0-dev:amd64
2020-01-24 02:57:02 remove gir1.2-gtk-2.0:amd64
2020-01-24 02:57:02 remove rabbitvcs-cli:all
2020-01-24 02:57:02 remove rabbitvcs-nautilus:all
2020-01-24 02:57:02 remove rabbitvcs-core:all
2020-01-24 02:57:02 remove meld:all
2020-01-24 02:57:03 remove gir1.2-gtksource-3.0:amd64
2020-01-24 02:57:03 remove nautilus-admin:all
2020-01-24 02:57:03 remove python-nautilus:amd64
2020-01-24 02:57:03 remove gir1.2-nautilus-3.0:amd64
2020-01-24 02:57:03 remove gir1.2-peas-1.0:amd64
2020-01-24 02:57:03 remove gir1.2-rb-3.0:amd64
2020-01-24 02:57:03 remove ubuntu-cleaner:all
2020-01-24 02:57:03 remove python-aptdaemon.gtk3widgets:all
2020-01-24 02:57:03 remove gufw:all
2020-01-24 02:57:03 remove orca:all
2020-01-24 02:57:04 remove gir1.2-wnck-3.0:amd64
2020-01-24 02:57:04 remove gkbd-capplet:amd64
2020-01-24 02:57:04 remove gnome-applets:amd64
2020-01-24 02:57:04 remove gnome-calendar:amd64
2020-01-24 02:57:04 remove gnome-disk-utility:amd64
2020-01-24 02:57:04 remove gnome-flashback:amd64
2020-01-24 02:57:04 remove gnome-font-viewer:amd64
2020-01-24 02:57:04 remove gnome-getting-started-docs:all
2020-01-24 02:57:04 remove libthunarx-2-0:amd64
2020-01-24 02:57:04 remove libgimp2.0:amd64
2020-01-24 02:57:04 remove gnome-icon-theme:all
2020-01-24 02:57:04 remove gnome-initial-setup:amd64
2020-01-24 02:57:04 remove gnome-online-accounts:amd64
2020-01-24 02:57:04 remove gnome-panel:amd64
2020-01-24 02:57:04 remove gnome-power-manager:amd64
2020-01-24 02:57:05 remove gnome-screensaver:amd64
2020-01-24 02:57:05 remove gnome-startup-applications:amd64
2020-01-24 02:57:05 remove ubuntu-session:amd64
2020-01-24 02:57:05 remove gnome-session-canberra:amd64
2020-01-24 02:57:05 remove gnome-system-monitor:amd64
2020-01-24 02:57:05 remove nautilus-extension-gnome-terminal:amd64
2020-01-24 02:57:05 remove playonlinux:all
2020-01-24 02:57:05 remove gnome-terminal:amd64
2020-01-24 02:57:05 remove gnome-user-guide:all
2020-01-24 02:57:05 remove gnome-user-docs-zh-hans:all
2020-01-24 02:57:05 remove gnome-user-docs:all
2020-01-24 02:57:05 remove google-chrome-stable:amd64
2020-01-24 02:57:06 remove gpaint:amd64
2020-01-24 02:57:06 remove gstreamer1.0-gtk3:amd64
2020-01-24 02:57:06 remove gxmessage:amd64
2020-01-24 02:57:06 remove hardinfo:amd64
2020-01-24 02:57:06 remove light-themes:all
2020-01-24 02:57:06 remove ibus:amd64
2020-01-24 02:57:06 remove ibus-gtk3:amd64
2020-01-24 02:57:06 remove ibus-sunpinyin:amd64
2020-01-24 02:57:06 remove indicator-applet:amd64
2020-01-24 02:57:06 remove indicator-applet-complete:amd64
2020-01-24 02:57:06 remove indicator-application:amd64
2020-01-24 02:57:06 remove indicator-appmenu:amd64
2020-01-24 02:57:06 remove indicator-keyboard:amd64
2020-01-24 02:57:07 remove indicator-printers:amd64
2020-01-24 02:57:07 remove y-ppa-manager:all
2020-01-24 02:57:07 remove python-appindicator:amd64
2020-01-24 02:57:07 remove libappindicator1:amd64
2020-01-24 02:57:07 remove psensor:amd64
2020-01-24 02:57:07 remove transmission-gtk:amd64
2020-01-24 02:57:07 remove remmina-plugin-vnc:amd64
2020-01-24 02:57:07 remove remmina-plugin-secret:amd64
2020-01-24 02:57:07 remove libcanberra-gtk-module:i386
2020-01-24 02:57:07 remove libcanberra-gtk0:i386
2020-01-24 02:57:07 remove unity-greeter:amd64
2020-01-24 02:57:07 remove unity-settings-daemon:amd64
2020-01-24 02:57:08 remove metacity:amd64
2020-01-24 02:57:08 remove libcanberra-gtk3-module:amd64
2020-01-24 02:57:08 remove nemo:amd64
2020-01-24 02:57:08 remove libcinnamon-desktop4:amd64
2020-01-24 02:57:08 remove libtotem0:amd64
2020-01-24 02:57:08 remove libdazzle-1.0-0:amd64
2020-01-24 02:57:08 remove libedataserverui-1.2-2:amd64
2020-01-24 02:57:08 remove libevview3-3:amd64
2020-01-24 02:57:08 remove libevdocument3-4:amd64
2020-01-24 02:57:08 remove libexo-1-0:amd64
2020-01-24 02:57:08 remove libexo-2-0:amd64
2020-01-24 02:57:08 remove nautilus:amd64
2020-01-24 02:57:08 remove libnemo-extension1:amd64
2020-01-24 02:57:08 remove libgail-3-0:amd64
2020-01-24 02:57:08 remove libgail-common:i386
2020-01-24 02:57:08 remove libgail-common:amd64
2020-01-24 02:57:08 remove libgail18:amd64
2020-01-24 02:57:08 remove libgail18:i386
2020-01-24 02:57:08 remove libgarcon-1-0:amd64
2020-01-24 02:57:09 remove shotwell:amd64
2020-01-24 02:57:09 remove python-glade2:amd64
2020-01-24 02:57:10 remove libglade2-0:amd64
2020-01-24 02:57:10 remove libgnome-games-support-1-3:amd64
2020-01-24 02:57:10 remove libxapp1:amd64
2020-01-24 02:57:10 remove libgnomekbd8:amd64
2020-01-24 02:57:10 remove libgranite5:amd64
2020-01-24 02:57:10 remove libgtk-3-bin:amd64
2020-01-24 02:57:10 remove libgtk2-perl:amd64
2020-01-24 02:57:10 remove libgtk2.0-bin:amd64
2020-01-24 02:57:10 remove libgtkmm-3.0-1v5:amd64
2020-01-24 02:57:10 remove libgtksourceview-3.0-1:amd64
2020-01-24 02:57:11 remove libgucharmap-2-90-7:amd64
2020-01-24 02:57:11 remove session-shortcuts:all
2020-01-24 02:57:11 remove libunity-core-6.0-9:amd64
2020-01-24 02:57:11 remove unity-services:amd64
2020-01-24 02:57:11 remove libido3-0.1-0:amd64
2020-01-24 02:57:11 remove libindicator7:amd64
2020-01-24 02:57:11 remove libmetacity1:amd64
2020-01-24 02:57:11 remove libnautilus-extension1a:amd64
2020-01-24 02:57:11 remove libnm-gtk0:amd64
2020-01-24 02:57:11 remove network-manager-pptp-gnome:amd64
2020-01-24 02:57:11 remove sensors-applet:amd64
2020-01-24 02:57:11 remove libpanel-applet3:amd64
2020-01-24 02:57:11 remove librhythmbox-core10:amd64
2020-01-24 02:57:11 remove libpeas-1.0-0:amd64
2020-01-24 02:57:11 remove libreoffice-gtk3:amd64
2020-01-24 02:57:11 remove librsvg2-dev:amd64
2020-01-24 02:57:11 remove libtimezonemap1:amd64
2020-01-24 02:57:11 remove libunity-control-center1:amd64
2020-01-24 02:57:11 remove unity-gtk3-module:amd64
2020-01-24 02:57:11 remove libunity-gtk3-parser0:amd64
2020-01-24 02:57:11 remove libunity-misc4:amd64
2020-01-24 02:57:12 remove libunity-settings-daemon1:amd64
2020-01-24 02:57:12 remove synaptic:amd64
2020-01-24 02:57:12 remove ubuntu-docs:all
2020-01-24 02:57:12 remove yelp:amd64
2020-01-24 02:57:12 remove notify-osd:amd64
2020-01-24 02:57:12 remove libwnck-3-0:amd64
2020-01-24 02:57:12 remove libwnck22:amd64
2020-01-24 02:57:12 remove python-wxgtk3.0:amd64
2020-01-24 02:57:12 remove libwxgtk3.0-gtk3-0v5:amd64
2020-01-24 02:57:12 remove libxfce4ui-1-0:amd64
2020-01-24 02:57:12 remove libxfce4ui-2-0:amd64
2020-01-24 02:57:12 remove libyelp0:amd64
2020-01-24 02:57:12 remove lxappearance:amd64
2020-01-24 02:57:13 remove mousetweaks:amd64
2020-01-24 02:57:13 remove notification-daemon:amd64
2020-01-24 02:57:13 remove numix-gtk-theme:all
2020-01-24 02:57:13 remove policykit-1-gnome:amd64
2020-01-24 02:57:13 remove screenkey:all
2020-01-24 02:57:13 remove python-gtk2:amd64
2020-01-24 02:57:13 remove qt5-gtk-platformtheme:amd64
2020-01-24 02:57:13 remove remmina-plugin-rdp:amd64
2020-01-24 02:57:13 remove simple-scan:amd64
2020-01-24 02:57:13 remove system-config-printer:all
2020-01-24 02:57:13 remove ubuntu-software:all
2020-01-24 02:57:13 remove uget:amd64
2020-01-24 02:57:13 remove unity-asset-pool:all
2020-01-24 02:57:14 remove unity-scope-manpages:all
2020-01-24 02:57:14 remove usb-creator-gtk:amd64
2020-01-24 02:57:14 remove vino:amd64
2020-01-24 02:57:14 remove xdg-desktop-portal-gtk:amd64
2020-01-24 02:57:14 remove xdg-user-dirs-gtk:amd64
2020-01-24 02:57:14 remove yad:amd64
2020-01-24 02:57:14 remove zeitgeist-datahub:amd64
2020-01-24 02:57:14 remove gnome-software:amd64
2020-01-24 02:57:14 remove software-properties-gtk:all
2020-01-24 02:57:14 remove libgtk2.0-0:i386
2020-01-24 02:57:14 remove indicator-bluetooth:amd64
2020-01-24 02:57:14 remove gnome-control-center:amd64
2020-01-24 02:57:15 remove network-manager-gnome:amd64
2020-01-24 02:57:15 remove gnome-bluetooth:amd64
2020-01-24 02:57:15 remove libgtk2.0-0:amd64
2020-01-24 02:57:15 remove gnome-session-bin:amd64
2020-01-24 02:57:15 remove libcheese-gtk25:amd64
2020-01-24 02:57:15 remove gstreamer1.0-clutter-3.0:amd64
2020-01-24 02:57:15 remove language-selector-gnome:all
2020-01-24 02:57:15 remove remmina:amd64
2020-01-24 02:57:15 remove libavahi-ui-gtk3-0:amd64
2020-01-24 02:57:15 remove libcheese8:amd64
2020-01-24 02:57:15 remove libclutter-gtk-1.0-0:amd64
2020-01-24 02:57:15 remove libclutter-gst-3.0-0:amd64
2020-01-24 02:57:15 remove libcolord-gtk1:amd64
2020-01-24 02:57:15 remove libgoa-backend-1.0-1:amd64
2020-01-24 02:57:15 remove libgspell-1-1:amd64
2020-01-24 02:57:16 remove system-config-printer-common:all
2020-01-24 02:57:16 remove libclutter-1.0-0:amd64
2020-01-24 02:57:17 remove update-notifier:amd64
2020-01-24 02:57:18 remove ubuntu-mono:all
2020-01-24 02:57:18 remove humanity-icon-theme:all
2020-01-24 02:57:18 remove libappindicator3-1:amd64
2020-01-24 02:57:18 remove libindicator3-7:amd64
2020-01-24 02:57:18 remove update-manager:all
2020-01-24 02:57:19 remove libgtk3-perl:all
2020-01-24 02:57:19 remove gnome-shell:amd64
2020-01-24 02:57:19 remove evolution-data-server:amd64
2020-01-24 02:57:19 remove gnome-keyring:amd64
2020-01-24 02:57:19 remove pinentry-gnome3:amd64
2020-01-24 02:57:19 remove gcr:amd64
2020-01-24 02:57:19 remove gir1.2-gcr-3:amd64
2020-01-24 02:57:19 remove gir1.2-gnomebluetooth-1.0:amd64
2020-01-24 02:57:19 remove gir1.2-gnomedesktop-3.0:amd64
2020-01-24 02:57:19 remove gir1.2-gweather-3.0:amd64
2020-01-24 02:57:19 remove gir1.2-mutter-2:amd64
2020-01-24 02:57:19 remove gir1.2-nma-1.0:amd64
2020-01-24 02:57:19 remove gjs:amd64
2020-01-24 02:57:20 remove mutter:amd64
2020-01-24 02:57:20 remove gnome-settings-daemon:amd64
2020-01-24 02:57:20 remove libgcr-ui-3-1:amd64
2020-01-24 02:57:20 remove libgjs0g:amd64
2020-01-24 02:57:20 remove libgnome-bluetooth13:amd64
2020-01-24 02:57:20 remove libmutter-2-0:amd64
2020-01-24 02:57:20 remove libgnome-desktop-3-17:amd64
2020-01-24 02:57:20 remove libgweather-3-15:amd64
2020-01-24 02:57:20 remove libnma0:amd64
2020-01-24 02:57:20 remove zenity:amd64
2020-01-24 02:57:20 remove python3-aptdaemon.gtk3widgets:all
2020-01-24 02:57:20 remove ubuntu-release-upgrader-gtk:all
2020-01-24 02:57:20 remove gir1.2-vte-2.91:amd64
2020-01-24 02:57:20 remove gir1.2-webkit2-4.0:amd64
2020-01-24 02:57:20 remove libcanberra-gtk3-0:amd64
2020-01-24 02:57:20 remove libvte-2.91-0:amd64
2020-01-24 02:57:21 remove libwebkit2gtk-4.0-37:amd64
2020-01-24 02:57:21 remove gir1.2-gtk-3.0:amd64
2020-01-24 02:57:21 remove libgtk-3-0:amd64
2020-01-24 02:57:21 remove adwaita-icon-theme:all
2020-01-24 02:57:21 remove librsvg2-common:amd64
2020-01-24 02:58:31 remove appmenu-qt:amd64
2020-01-24 02:58:32 remove appstream-data-pantheon-icons-hidpi:all
2020-01-24 02:58:32 remove appstream-data-pantheon-icons:all
2020-01-24 02:58:32 remove appstream-data-pantheon:all
2020-01-24 02:58:32 remove apt-config-icons-hidpi:all
2020-01-24 02:58:32 remove apt-config-icons-large-hidpi:all
2020-01-24 02:58:32 remove apt-config-icons-large:all
2020-01-24 02:58:32 remove flatpak:amd64
2020-01-24 02:58:32 remove libflatpak0:amd64
2020-01-24 02:58:32 remove bubblewrap:amd64
2020-01-24 02:58:32 remove cinnamon-desktop-data:all
2020-01-24 02:58:32 remove cinnamon-l10n:all
2020-01-24 02:58:32 remove python-compizconfig:amd64
2020-01-24 02:58:32 remove libcompizconfig0:amd64
2020-01-24 02:58:32 remove compiz-plugins-default:amd64
2020-01-24 02:58:32 remove compiz-core:amd64
2020-01-24 02:58:33 remove contractor:amd64
2020-01-24 02:58:33 remove rarian-compat:amd64
2020-01-24 02:58:33 remove docbook-xml:all
2020-01-24 02:58:34 remove fonts-cantarell:all
2020-01-24 02:58:34 remove gedit-plugins-common:amd64
2020-01-24 02:58:35 remove geoclue-ubuntu-geoip:amd64
2020-01-24 02:58:35 remove geoclue:amd64
2020-01-24 02:58:35 remove gimp-data:all
2020-01-24 02:58:35 remove unity-lens-photos:all
2020-01-24 02:58:35 remove gir1.2-accounts-1.0:amd64
2020-01-24 02:58:35 remove gir1.2-coglpango-1.0:amd64
2020-01-24 02:58:35 remove gir1.2-cogl-1.0:amd64
2020-01-24 02:58:35 remove gir1.2-gdata-0.0:amd64
2020-01-24 02:58:35 remove libpango1.0-dev:amd64
2020-01-24 02:58:35 remove gir1.2-signon-1.0:amd64
2020-01-24 02:58:35 remove gist:all
2020-01-24 02:58:35 remove librest-0.7-0:i386
2020-01-24 02:58:35 remove libsoup-gnome2.4-1:i386
2020-01-24 02:58:35 remove libsoup2.4-1:i386
2020-01-24 02:58:36 remove glib-networking:i386
2020-01-24 02:58:36 remove gnome-applets-data:all
2020-01-24 02:58:36 remove gnome-flashback-common:all
2020-01-24 02:58:36 remove gnome-panel-data:all
2020-01-24 02:58:36 remove gtk2-engines:amd64
2020-01-24 02:58:36 remove gtk3-nocsd:all
2020-01-24 02:58:36 remove hud:amd64
2020-01-24 02:58:36 remove hwdata:all
2020-01-24 02:58:36 remove icoutils:amd64
2020-01-24 02:58:36 remove indicator-datetime:amd64
2020-01-24 02:58:36 remove indicator-messages:amd64
2020-01-24 02:58:36 remove indicator-power:amd64
2020-01-24 02:58:36 remove indicator-session:amd64
2020-01-24 02:58:36 remove indicator-sound:amd64
2020-01-24 02:58:36 remove inxi:all
2020-01-24 02:58:36 remove ipython:all
2020-01-24 02:58:36 remove jayatana:amd64
2020-01-24 02:58:37 remove jq:amd64
2020-01-24 02:58:37 remove launchpad-getkeys:all
2020-01-24 02:58:37 remove libaccounts-glib0:amd64
2020-01-24 02:58:37 remove libgegl-0.4-0:amd64
2020-01-24 02:58:37 remove libumfpack5:amd64
2020-01-24 02:58:37 remove libcholmod3:amd64
2020-01-24 02:58:37 remove libamd2:amd64
2020-01-24 02:58:37 remove libarchive-cpio-perl:all
2020-01-24 02:58:37 remove libatk-bridge2.0-0:i386
2020-01-24 02:58:37 remove libatk1.0-dev:amd64
2020-01-24 02:58:37 remove libatkmm-1.6-1v5:amd64
2020-01-24 02:58:37 remove libatspi2.0-0:i386
2020-01-24 02:58:37 remove libcups2:i386
2020-01-24 02:58:37 remove libavahi-client3:i386
2020-01-24 02:58:37 remove libavahi-common3:i386
2020-01-24 02:58:37 remove libavahi-common-data:i386
2020-01-24 02:58:37 remove libbabl-0.1-0:amd64
2020-01-24 02:58:37 remove libbamf3-2:amd64
2020-01-24 02:58:37 remove liblapack3:amd64
2020-01-24 02:58:37 remove libblas3:amd64
2020-01-24 02:58:37 remove libcairo-gobject2:i386
2020-01-24 02:58:37 remove libcairo2-dev:amd64
2020-01-24 02:58:38 remove libcairo-script-interpreter2:amd64
2020-01-24 02:58:38 remove libpangomm-1.4-1v5:amd64
2020-01-24 02:58:38 remove libcairomm-1.0-1v5:amd64
2020-01-24 02:58:38 remove libcamd2:amd64
2020-01-24 02:58:38 remove libcanberra0:i386
2020-01-24 02:58:38 remove libccolamd2:amd64
2020-01-24 02:58:38 remove libcolord2:i386
2020-01-24 02:58:38 remove unity-lens-applications:amd64
2020-01-24 02:58:38 remove libcolumbus1v5:amd64
2020-01-24 02:58:38 remove libcolumbus1-common:all
2020-01-24 02:58:38 remove libdbusmenu-glib-dev:amd64
2020-01-24 02:58:38 remove libdbus-glib-1-dev:amd64
2020-01-24 02:58:38 remove libdbusmenu-qt2:amd64
2020-01-24 02:58:39 remove libdecoration0:amd64
2020-01-24 02:58:39 remove libepoxy0:i386
2020-01-24 02:58:39 remove libept1.5.0:amd64
2020-01-24 02:58:39 remove libexo-helpers:all
2020-01-24 02:58:39 remove libexo-common:all
2020-01-24 02:58:39 remove libfcitx-gclient1:amd64
2020-01-24 02:58:40 remove libnux-4.0-0:amd64
2020-01-24 02:58:40 remove libgeis1:amd64
2020-01-24 02:58:40 remove libgrail6:amd64
2020-01-24 02:58:40 remove libframe6:amd64
2020-01-24 02:58:40 remove libfribidi-dev:amd64
2020-01-24 02:58:40 remove libgarcon-common:all
2020-01-24 02:58:40 remove libgegl-common:all
2020-01-24 02:58:40 remove libgeoclue0:amd64
2020-01-24 02:58:40 remove libgeonames0:amd64
2020-01-24 02:58:40 remove libgeonames-common:all
2020-01-24 02:58:40 remove libgfortran4:amd64
2020-01-24 02:58:40 remove libglewmx1.13:amd64
2020-01-24 02:58:40 remove libglibmm-2.4-1v5:amd64
2020-01-24 02:58:40 remove libgnutls30:i386
2020-01-24 02:58:40 remove libhogweed4:i386
2020-01-24 02:58:40 remove libgmp10:i386
2020-01-24 02:58:40 remove libgranite-common:all
2020-01-24 02:58:40 remove libgssapi-krb5-2:i386
2020-01-24 02:58:40 remove libgtk3-nocsd0:amd64
2020-01-24 02:58:40 remove libsm-dev:amd64
2020-01-24 02:58:40 remove libice-dev:amd64
2020-01-24 02:58:40 remove libjq1:amd64
2020-01-24 02:58:41 remove libjson-glib-1.0-0:i386
2020-01-24 02:58:41 remove libkrb5-3:i386
2020-01-24 02:58:41 remove libk5crypto3:i386
2020-01-24 02:58:41 remove libkeyutils1:i386
2020-01-24 02:58:41 remove libkrb5support0:i386
2020-01-24 02:58:41 remove liblcms2-2:i386
2020-01-24 02:58:41 remove liblightdm-gobject-1-0:amd64
2020-01-24 02:58:41 remove libltdl7:i386
2020-01-24 02:58:41 remove libmail-sendmail-perl:all
2020-01-24 02:58:41 remove libmetis5:amd64
2020-01-24 02:58:41 remove libmypaint-1.3-0:amd64
2020-01-24 02:58:41 remove libmypaint-common:all
2020-01-24 02:58:42 remove libnettle6:i386
2020-01-24 02:58:42 remove libnm-glib4:amd64
2020-01-24 02:58:42 remove libnm-util2:amd64
2020-01-24 02:58:42 remove libnux-4.0-common:all
2020-01-24 02:58:42 remove libonig4:amd64
2020-01-24 02:58:42 remove libostree-1-1:amd64
2020-01-24 02:58:42 remove libp11-kit0:i386
2020-01-24 02:58:42 remove libpango-perl:amd64
2020-01-24 02:58:43 remove libpixman-1-dev:amd64
2020-01-24 02:58:43 remove libproxy1v5:i386
2020-01-24 02:58:43 remove libqt5xdg3:amd64
2020-01-24 02:58:43 remove libqt5xdgiconloader3:amd64
2020-01-24 02:58:43 remove librarian0:amd64
2020-01-24 02:58:43 remove libsensors-applet-plugin0:amd64
2020-01-24 02:58:43 remove libsignon-glib1:amd64
2020-01-24 02:58:43 remove libsqlite3-0:i386
2020-01-24 02:58:43 remove libsunpinyin3v5:amd64
2020-01-24 02:58:43 remove libsys-hostname-long-perl:all
2020-01-24 02:58:43 remove libtasn1-6:i386
2020-01-24 02:58:43 remove libtdb1:i386
2020-01-24 02:58:43 remove libtelepathy-glib0:amd64
2020-01-24 02:58:43 remove libtimezonemap-data:all
2020-01-24 02:58:43 remove tumbler:amd64
2020-01-24 02:58:43 remove libtumbler-1-0:amd64
2020-01-24 02:58:43 remove unity-gtk2-module:amd64
2020-01-24 02:58:43 remove libunity-gtk2-parser0:amd64
2020-01-24 02:58:43 remove liburl-dispatcher1:amd64
2020-01-24 02:58:43 remove libvorbisfile3:i386
2020-01-24 02:58:43 remove libwnck-common:all
2020-01-24 02:58:43 remove libwxbase3.0-0v5:amd64
2020-01-24 02:58:43 remove qt5dxcb-plugin:amd64
2020-01-24 02:58:43 remove libxcb-composite0:amd64
2020-01-24 02:58:44 remove libxcb-damage0:amd64
2020-01-24 02:58:44 remove libxcb-render0-dev:amd64
2020-01-24 02:58:44 remove libxcb-shm0-dev:amd64
2020-01-24 02:58:44 remove libxcomposite-dev:amd64
2020-01-24 02:58:44 remove libxcomposite1:i386
2020-01-24 02:58:44 remove libxcursor-dev:amd64
2020-01-24 02:58:44 remove libxdamage-dev:amd64
2020-01-24 02:58:44 remove libxfce4ui-common:all
2020-01-24 02:58:44 remove libxfce4util-bin:amd64
2020-01-24 02:58:44 remove libxfconf-0-2:amd64
2020-01-24 02:58:44 remove xfconf:amd64
2020-01-24 02:58:44 remove libxfce4util7:amd64
2020-01-24 02:58:44 remove libxfce4util-common:all
2020-01-24 02:58:44 remove libxft-dev:amd64
2020-01-24 02:58:44 remove libxinerama-dev:amd64
2020-01-24 02:58:44 remove libxml2:i386
2020-01-24 02:58:44 remove libxrandr-dev:amd64
2020-01-24 02:58:44 remove libxrender-dev:amd64
2020-01-24 02:58:44 remove unity-scope-video-remote:amd64
2020-01-24 02:58:44 remove unity-lens-video:amd64
2020-01-24 02:58:45 remove libzeitgeist-1.0-1:amd64
2020-01-24 02:58:45 remove lxde-settings-daemon:amd64
2020-01-24 02:58:45 remove metacity-common:all
2020-01-24 02:58:46 remove nemo-data:all
2020-01-24 02:58:46 remove notify-osd-icons:all
2020-01-24 02:58:46 remove nux-tools:amd64
2020-01-24 02:58:46 remove p7zip-full:amd64
2020-01-24 02:58:46 remove p7zip:amd64
2020-01-24 02:58:46 remove pango1.0-tools:amd64
2020-01-24 02:58:46 remove psensor-common:all
2020-01-24 02:58:47 remove python-aptdaemon:all
2020-01-24 02:58:47 remove python-apt:amd64
2020-01-24 02:58:47 remove python-ipython:all
2020-01-24 02:58:47 remove python-backports-shutil-get-terminal-size:all
2020-01-24 02:58:47 remove python-bs4:all
2020-01-24 02:58:47 remove python-debian:all
2020-01-24 02:58:47 remove python-chardet:all
2020-01-24 02:58:48 remove python-configobj:all
2020-01-24 02:58:48 remove python-traitlets:all
2020-01-24 02:58:48 remove python-decorator:all
2020-01-24 02:58:48 remove python-defer:all
2020-01-24 02:58:48 remove python-dulwich:amd64
2020-01-24 02:58:48 remove python-fastimport:all
2020-01-24 02:58:48 remove python-gobject:all
2020-01-24 02:58:48 remove python-gobject-2:amd64
2020-01-24 02:58:49 remove python-html5lib:all
2020-01-24 02:58:49 remove python-ipython-genutils:all
2020-01-24 02:58:49 remove python-lxml:amd64
2020-01-24 02:58:49 remove python-pickleshare:all
2020-01-24 02:58:49 remove python-pathlib2:all
2020-01-24 02:58:49 remove python-pexpect:all
2020-01-24 02:58:49 remove python-prompt-toolkit:all
2020-01-24 02:58:50 remove python-ptyprocess:all
2020-01-24 02:58:50 remove python-pygments:all
2020-01-24 02:58:50 remove python-scandir:amd64
2020-01-24 02:58:50 remove python-simplegeneric:all
2020-01-24 02:58:50 remove python-simplejson:amd64
2020-01-24 02:58:50 remove python-svn:amd64
2020-01-24 02:58:50 remove python-wcwidth:all
2020-01-24 02:58:50 remove python-webencodings:all
2020-01-24 02:58:51 remove python-wxversion:all
2020-01-24 02:58:51 remove python-xlib:all
2020-01-24 02:58:51 remove python3-oauthlib:all
2020-01-24 02:58:51 remove python3-blinker:all
2020-01-24 02:58:51 remove python3-bs4:all
2020-01-24 02:58:51 remove python3-dateutil:all
2020-01-24 02:58:51 remove unity-scope-openclipart:all
2020-01-24 02:58:51 remove python3-feedparser:all
2020-01-24 02:58:52 remove python3-html5lib:all
2020-01-24 02:58:52 remove python3-jwt:all
2020-01-24 02:58:52 remove unity-scope-devhelp:all
2020-01-24 02:58:52 remove python3-lxml:amd64
2020-01-24 02:58:52 remove python3-webencodings:all
2020-01-24 02:58:52 remove ruby-json:amd64
2020-01-24 02:58:52 remove sgml-data:all
2020-01-24 02:58:53 remove xml-core:all
2020-01-24 02:58:53 remove sgml-base:all
2020-01-24 02:58:53 remove sunpinyin-data:amd64
2020-01-24 02:58:53 remove thunar-data:all
2020-01-24 02:58:53 remove tumbler-common:all
2020-01-24 02:58:53 remove ubuntu-touch-sounds:all
2020-01-24 02:58:53 remove unity-gtk-module-common:all
2020-01-24 02:58:53 remove unity-lens-files:amd64
2020-01-24 02:58:53 remove unity-lens-music:amd64
2020-01-24 02:58:53 remove unity-schemas:all
2020-01-24 02:58:53 remove unity-scope-chromiumbookmarks:all
2020-01-24 02:58:54 remove unity-scope-colourlovers:all
2020-01-24 02:58:54 remove unity-scope-firefoxbookmarks:all
2020-01-24 02:58:54 remove unity-scope-home:amd64
2020-01-24 02:58:54 remove unity-scope-texdoc:all
2020-01-24 02:58:54 remove unity-scope-tomboy:all
2020-01-24 02:58:54 remove unity-scope-virtualbox:all
2020-01-24 02:58:54 remove unity-scope-yelp:all
2020-01-24 02:58:54 remove unity-scope-zotero:all
2020-01-24 02:58:54 remove unity-scopes-master-default:all
2020-01-24 02:58:54 remove unity-scopes-runner:all
2020-01-24 02:58:54 remove x11proto-composite-dev:all
2020-01-24 02:58:54 remove x11proto-damage-dev:all
2020-01-24 02:58:54 remove x11proto-randr-dev:all
2020-01-24 02:58:54 remove x11proto-xinerama-dev:all
2020-01-24 02:58:54 remove xapps-common:all
2020-01-24 02:58:54 remove xclip:amd64
2020-01-24 02:58:54 remove xdg-desktop-portal:amd64
2020-01-24 02:58:54 remove libicu-dev:amd64
2020-01-24 02:58:54 remove libicu-le-hb-dev:amd64
2020-01-24 02:58:54 remove libharfbuzz-dev:amd64
2020-01-24 02:58:54 remove gir1.2-harfbuzz-0.0:amd64
2020-01-24 02:58:55 remove icu-devtools:amd64
2020-01-24 02:58:55 remove libgraphite2-dev:amd64
2020-01-24 02:58:55 remove libharfbuzz-gobject0:amd64
2020-01-24 02:58:55 remove libiculx60:amd64
2020-01-24 02:58:55 remove libicu-le-hb0:amd64
2020-01-24 02:58:55 remove debhelper:all
2020-01-24 02:58:55 remove dh-strip-nondeterminism:all
2020-01-24 02:58:55 remove libfile-stripnondeterminism-perl:all
2020-01-24 02:58:55 remove po-debconf:all
2020-01-24 02:58:55 remove dh-autoreconf:all
2020-01-24 03:30:22 remove mygui-doc:all
2020-01-24 03:32:22 remove libgdk-pixbuf2.0-dev:amd64
