2020-01-25 00:36:42 remove vim:amd64
2020-01-25 00:36:53 remove vim-runtime:all
2020-01-25 00:48:57 remove ubuntu-desktop:amd64
2020-01-25 00:48:57 remove ubuntu-artwork:all
2020-01-25 00:48:57 remove light-themes:all
2020-01-25 00:48:57 remove ubuntu-mono:all
2020-01-25 00:48:58 remove lubuntu-icon-theme:all
2020-01-25 00:54:45 remove aria2:amd64
2020-01-25 00:54:45 remove ubuntu-fan:all
2020-01-25 00:54:46 remove dnsmasq-base:amd64
2020-01-25 01:01:13 remove activity-log-manager:amd64
2020-01-25 01:01:13 remove aisleriot:amd64
2020-01-25 01:01:13 remove alacarte:all
2020-01-25 01:01:13 remove apport-gtk:all
2020-01-25 01:01:13 remove nautilus-share:amd64
2020-01-25 01:01:13 remove apturl:amd64
2020-01-25 01:01:14 remove gdm3:amd64
2020-01-25 01:01:14 remove gnome-session-flashback:all
2020-01-25 01:01:14 remove rabbitvcs-nautilus:all
2020-01-25 01:01:14 remove nemo-fileroller:amd64
2020-01-25 01:01:14 remove nemo:amd64
2020-01-25 01:01:14 remove orca:all
2020-01-25 01:01:15 remove python3-pyatspi:all
2020-01-25 01:01:15 remove unity-session:all
2020-01-25 01:01:15 remove unity-tweak-tool:all
2020-01-25 01:01:16 remove unity:amd64
2020-01-25 01:01:16 remove bamfdaemon:amd64
2020-01-25 01:01:16 remove baobab:amd64
2020-01-25 01:01:16 remove cheese:amd64
2020-01-25 01:01:16 remove chrome-gnome-shell:all
2020-01-25 01:01:16 remove compiz:all
2020-01-25 01:01:16 remove compiz-gnome:amd64
2020-01-25 01:01:16 remove dconf-editor:amd64
2020-01-25 01:01:16 remove deja-dup:amd64
2020-01-25 01:01:16 remove eog:amd64
2020-01-25 01:01:17 remove evince:amd64
2020-01-25 01:01:17 remove gnome-session:amd64
2020-01-25 01:01:17 remove unity-control-center:amd64
2020-01-25 01:01:17 remove ubuntu-session:amd64
2020-01-25 01:01:17 remove gconf-editor:amd64
2020-01-25 01:01:17 remove gnome-todo:amd64
2020-01-25 01:01:17 remove thunar-volman:amd64
2020-01-25 01:01:17 remove thunar:amd64
2020-01-25 01:01:17 remove xfce4-panel:amd64
2020-01-25 01:01:17 remove exo-utils:amd64
2020-01-25 01:01:17 remove fcitx-config-gtk:amd64
2020-01-25 01:01:17 remove fcitx-frontend-gtk3:amd64
2020-01-25 01:01:17 remove file-roller:amd64
2020-01-25 01:01:17 remove firefox:amd64
2020-01-25 01:01:18 remove seahorse:amd64
2020-01-25 01:01:18 remove gdebi:all
2020-01-25 01:01:18 remove gedit-plugin-color-picker:amd64
2020-01-25 01:01:18 remove gedit:amd64
2020-01-25 01:01:18 remove indicator-cpufreq:all
2020-01-25 01:01:18 remove gir1.2-appindicator3-0.1:amd64
2020-01-25 01:01:18 remove gnome-shell-extensions:all
2020-01-25 01:01:18 remove gir1.2-clutter-1.0:amd64
2020-01-25 01:01:18 remove gnome-tweak-tool:all
2020-01-25 01:01:19 remove gnome-tweaks:all
2020-01-25 01:01:19 remove usb-creator-gtk:amd64
2020-01-25 01:01:19 remove totem-plugins:amd64
2020-01-25 01:01:19 remove rabbitvcs-cli:all
2020-01-25 01:01:20 remove rabbitvcs-core:all
2020-01-25 01:01:20 remove meld:all
2020-01-25 01:01:20 remove gir1.2-gtksource-3.0:amd64
2020-01-25 01:01:21 remove nautilus-admin:all
2020-01-25 01:01:21 remove python-nautilus:amd64
2020-01-25 01:01:21 remove gir1.2-nautilus-3.0:amd64
2020-01-25 01:01:21 remove rhythmbox-plugin-zeitgeist:all
2020-01-25 01:01:21 remove gir1.2-peas-1.0:amd64
2020-01-25 01:01:21 remove gir1.2-rb-3.0:amd64
2020-01-25 01:01:21 remove gir1.2-totem-1.0:amd64
2020-01-25 01:01:21 remove python-aptdaemon.gtk3widgets:all
2020-01-25 01:01:21 remove gnome-software-plugin-snap:amd64
2020-01-25 01:01:21 remove gufw:all
2020-01-25 01:01:21 remove gir1.2-wnck-3.0:amd64
2020-01-25 01:01:21 remove gkbd-capplet:amd64
2020-01-25 01:01:21 remove gnome-applets:amd64
2020-01-25 01:01:22 remove unity-scope-calculator:all
2020-01-25 01:01:22 remove gnome-calculator:amd64
2020-01-25 01:01:22 remove gnome-calendar:amd64
2020-01-25 01:01:22 remove gnome-disk-utility:amd64
2020-01-25 01:01:22 remove gnome-flashback:amd64
2020-01-25 01:01:22 remove gnome-font-viewer:amd64
2020-01-25 01:01:22 remove gnome-getting-started-docs:all
2020-01-25 01:01:22 remove gnome-initial-setup:amd64
2020-01-25 01:01:22 remove gnome-mahjongg:amd64
2020-01-25 01:01:22 remove gnome-mines:amd64
2020-01-25 01:01:22 remove gnome-online-accounts:amd64
2020-01-25 01:01:22 remove gnome-panel:amd64
2020-01-25 01:01:22 remove gnome-power-manager:amd64
2020-01-25 01:01:22 remove gnome-screensaver:amd64
2020-01-25 01:01:22 remove gnome-screenshot:amd64
2020-01-25 01:01:22 remove gnome-startup-applications:amd64
2020-01-25 01:01:22 remove session-shortcuts:all
2020-01-25 01:01:23 remove gnome-session-bin:amd64
2020-01-25 01:01:23 remove gnome-session-canberra:amd64
2020-01-25 01:01:23 remove gnome-sudoku:amd64
2020-01-25 01:01:23 remove gnome-system-monitor:amd64
2020-01-25 01:01:24 remove nautilus-extension-gnome-terminal:amd64
2020-01-25 01:01:24 remove playonlinux:all
2020-01-25 01:01:24 remove gnome-terminal:amd64
2020-01-25 01:01:24 remove gnome-user-guide:all
2020-01-25 01:01:24 remove gnome-user-docs-zh-hans:all
2020-01-25 01:01:24 remove gnome-user-docs:all
2020-01-25 01:01:24 remove totem:amd64
2020-01-25 01:01:24 remove gstreamer1.0-gtk3:amd64
2020-01-25 01:01:24 remove gxmessage:amd64
2020-01-25 01:01:25 remove ibus-table:all
2020-01-25 01:01:25 remove ibus:amd64
2020-01-25 01:01:25 remove ibus-gtk3:amd64
2020-01-25 01:01:25 remove indicator-applet:amd64
2020-01-25 01:01:25 remove indicator-applet-complete:amd64
2020-01-25 01:01:25 remove indicator-application:amd64
2020-01-25 01:01:25 remove indicator-appmenu:amd64
2020-01-25 01:01:25 remove indicator-keyboard:amd64
2020-01-25 01:01:25 remove indicator-printers:amd64
2020-01-25 01:01:25 remove psensor:amd64
2020-01-25 01:01:25 remove transmission-gtk:amd64
2020-01-25 01:01:25 remove libatk-adaptor:amd64
2020-01-25 01:01:26 remove libatk-wrapper-java-jni:amd64
2020-01-25 01:01:26 remove libunity-core-6.0-9:amd64
2020-01-25 01:01:26 remove unity-services:amd64
2020-01-25 01:01:26 remove remmina-plugin-vnc:amd64
2020-01-25 01:01:26 remove remmina-plugin-secret:amd64
2020-01-25 01:01:26 remove unity-greeter:amd64
2020-01-25 01:01:26 remove unity-settings-daemon:amd64
2020-01-25 01:01:26 remove metacity:amd64
2020-01-25 01:01:26 remove libcanberra-gtk3-module:amd64
2020-01-25 01:01:26 remove libcinnamon-desktop4:amd64
2020-01-25 01:01:26 remove libtotem0:amd64
2020-01-25 01:01:26 remove libdazzle-1.0-0:amd64
2020-01-25 01:01:26 remove libedataserverui-1.2-2:amd64
2020-01-25 01:01:26 remove libevview3-3:amd64
2020-01-25 01:01:26 remove libevdocument3-4:amd64
2020-01-25 01:01:26 remove libthunarx-2-0:amd64
2020-01-25 01:01:26 remove libexo-1-0:amd64
2020-01-25 01:01:26 remove libexo-2-0:amd64
2020-01-25 01:01:26 remove shotwell:amd64
2020-01-25 01:01:27 remove libgnome-games-support-1-3:amd64
2020-01-25 01:01:27 remove libxapp1:amd64
2020-01-25 01:01:27 remove libgnomekbd8:amd64
2020-01-25 01:01:27 remove libunity-settings-daemon1:amd64
2020-01-25 01:01:27 remove libgtk-3-bin:amd64
2020-01-25 01:01:27 remove libgtkmm-3.0-1v5:amd64
2020-01-25 01:01:27 remove libgtksourceview-3.0-1:amd64
2020-01-25 01:01:27 remove libgucharmap-2-90-7:amd64
2020-01-25 01:01:27 remove libido3-0.1-0:amd64
2020-01-25 01:01:27 remove libmetacity1:amd64
2020-01-25 01:01:27 remove libnemo-extension1:amd64
2020-01-25 01:01:28 remove libnm-gtk0:amd64
2020-01-25 01:01:28 remove network-manager-pptp-gnome:amd64
2020-01-25 01:01:28 remove sensors-applet:amd64
2020-01-25 01:01:28 remove libpanel-applet3:amd64
2020-01-25 01:01:28 remove rhythmbox-plugin-alternative-toolbar:all
2020-01-25 01:01:29 remove rhythmbox:amd64
2020-01-25 01:01:29 remove librhythmbox-core10:amd64
2020-01-25 01:01:29 remove libpeas-1.0-0:amd64
2020-01-25 01:01:29 remove librsvg2-bin:amd64
2020-01-25 01:01:29 remove libtimezonemap1:amd64
2020-01-25 01:01:29 remove libunity-control-center1:amd64
2020-01-25 01:01:29 remove unity-gtk3-module:amd64
2020-01-25 01:01:29 remove libunity-gtk3-parser0:amd64
2020-01-25 01:01:29 remove libunity-misc4:amd64
2020-01-25 01:01:29 remove synaptic:amd64
2020-01-25 01:01:29 remove ubuntu-docs:all
2020-01-25 01:01:29 remove yelp:amd64
2020-01-25 01:01:29 remove notify-osd:amd64
2020-01-25 01:01:29 remove libwnck-3-0:amd64
2020-01-25 01:01:29 remove python-wxgtk3.0:amd64
2020-01-25 01:01:30 remove libwxgtk3.0-gtk3-0v5:amd64
2020-01-25 01:01:30 remove libxfce4ui-2-0:amd64
2020-01-25 01:01:30 remove libyelp0:amd64
2020-01-25 01:01:30 remove mousetweaks:amd64
2020-01-25 01:01:30 remove notification-daemon:amd64
2020-01-25 01:01:30 remove policykit-1-gnome:amd64
2020-01-25 01:01:30 remove qt5-gtk-platformtheme:amd64
2020-01-25 01:01:30 remove remmina-plugin-rdp:amd64
2020-01-25 01:01:30 remove simple-scan:amd64
2020-01-25 01:01:30 remove system-config-printer:all
2020-01-25 01:01:30 remove thunderbird-gnome-support:amd64
2020-01-25 01:01:30 remove thunderbird:amd64
2020-01-25 01:01:30 remove ubuntu-software:all
2020-01-25 01:01:30 remove uget:amd64
2020-01-25 01:01:30 remove unity-scope-manpages:all
2020-01-25 01:01:30 remove vino:amd64
2020-01-25 01:01:31 remove xdg-desktop-portal-gtk:amd64
2020-01-25 01:01:31 remove xdg-user-dirs-gtk:amd64
2020-01-25 01:01:31 remove yad:amd64
2020-01-25 01:01:31 remove zeitgeist-datahub:amd64
2020-01-25 01:01:31 remove nautilus:amd64
2020-01-25 01:01:32 remove libgail-3-0:amd64
2020-01-25 01:01:32 remove indicator-bluetooth:amd64
2020-01-25 01:01:32 remove gnome-control-center:amd64
2020-01-25 01:01:32 remove network-manager-gnome:amd64
2020-01-25 01:01:32 remove gnome-software:amd64
2020-01-25 01:01:32 remove software-properties-gtk:all
2020-01-25 01:01:32 remove gnome-bluetooth:amd64
2020-01-25 01:01:33 remove libcheese-gtk25:amd64
2020-01-25 01:01:33 remove gstreamer1.0-clutter-3.0:amd64
2020-01-25 01:01:33 remove language-selector-gnome:all
2020-01-25 01:01:33 remove remmina:amd64
2020-01-25 01:01:33 remove libavahi-ui-gtk3-0:amd64
2020-01-25 01:01:33 remove libcheese8:amd64
2020-01-25 01:01:33 remove libclutter-gtk-1.0-0:amd64
2020-01-25 01:01:33 remove libclutter-gst-3.0-0:amd64
2020-01-25 01:01:33 remove libcolord-gtk1:amd64
2020-01-25 01:01:33 remove libgoa-backend-1.0-1:amd64
2020-01-25 01:01:33 remove libgspell-1-1:amd64
2020-01-25 01:01:33 remove libnautilus-extension1a:amd64
2020-01-25 01:01:33 remove system-config-printer-common:all
2020-01-25 01:01:34 remove libclutter-1.0-0:amd64
2020-01-25 01:01:35 remove update-notifier:amd64
2020-01-25 01:01:35 remove libappindicator3-1:amd64
2020-01-25 01:01:35 remove libindicator3-7:amd64
2020-01-25 01:01:35 remove update-manager:all
2020-01-25 01:01:35 remove ubuntu-release-upgrader-gtk:all
2020-01-25 01:01:36 remove gnome-shell:amd64
2020-01-25 01:01:37 remove evolution-data-server:amd64
2020-01-25 01:01:37 remove gnome-keyring:amd64
2020-01-25 01:01:37 remove pinentry-gnome3:amd64
2020-01-25 01:01:37 remove gcr:amd64
2020-01-25 01:01:37 remove gir1.2-atspi-2.0:amd64
2020-01-25 01:01:37 remove gir1.2-gcr-3:amd64
2020-01-25 01:01:37 remove gir1.2-gnomebluetooth-1.0:amd64
2020-01-25 01:01:37 remove gir1.2-gnomedesktop-3.0:amd64
2020-01-25 01:01:37 remove gir1.2-gweather-3.0:amd64
2020-01-25 01:01:37 remove gir1.2-mutter-2:amd64
2020-01-25 01:01:37 remove gir1.2-nma-1.0:amd64
2020-01-25 01:01:37 remove python3-aptdaemon.gtk3widgets:all
2020-01-25 01:01:37 remove gir1.2-vte-2.91:amd64
2020-01-25 01:01:37 remove gir1.2-webkit2-4.0:amd64
2020-01-25 01:01:37 remove gjs:amd64
2020-01-25 01:01:38 remove mutter:amd64
2020-01-25 01:01:38 remove gnome-settings-daemon:amd64
2020-01-25 01:01:38 remove libgcr-ui-3-1:amd64
2020-01-25 01:01:38 remove libgjs0g:amd64
2020-01-25 01:01:38 remove libgnome-bluetooth13:amd64
2020-01-25 01:01:38 remove libmutter-2-0:amd64
2020-01-25 01:01:38 remove libgnome-desktop-3-17:amd64
2020-01-25 01:01:38 remove libgtk3-perl:all
2020-01-25 01:01:38 remove libgweather-3-15:amd64
2020-01-25 01:01:38 remove libnma0:amd64
2020-01-25 01:01:38 remove libvte-2.91-0:amd64
2020-01-25 01:01:38 remove zenity:amd64
2020-01-25 01:01:38 remove libwebkit2gtk-4.0-37:amd64
2020-01-25 01:01:38 remove gir1.2-gtk-3.0:amd64
2020-01-25 01:01:38 remove libcanberra-gtk3-0:amd64
2020-01-25 01:01:38 remove libgtk-3-0:amd64
2020-01-25 01:01:38 remove libatk-bridge2.0-0:amd64
2020-01-25 01:01:38 remove libatspi2.0-0:amd64
2020-01-25 01:02:22 remove gnome-video-effects:all
2020-01-25 01:02:22 remove gstreamer1.0-plugins-good:amd64
2020-01-25 01:02:22 remove libcairo-gobject-perl:amd64
2020-01-25 01:02:22 remove python3-gi-cairo:amd64
2020-01-25 01:02:22 remove python-gi-cairo:amd64
2020-01-25 01:02:22 remove libcairo-gobject2:amd64
2020-01-25 01:03:23 remove amdgpu-hwe:amd64
2020-01-25 01:03:24 remove amdgpu-lib32:amd64
2020-01-25 01:03:24 remove amdgpu-lib-hwe:amd64
2020-01-25 01:03:24 remove xwayland:amd64
2020-01-25 01:03:24 remove libreoffice-nlpsolver:all
2020-01-25 01:03:25 remove libreoffice-report-builder:all
2020-01-25 01:03:25 remove libreoffice-report-builder-bin:amd64
2020-01-25 01:03:25 remove libreoffice-base:amd64
2020-01-25 01:03:25 remove libreoffice-help-zh-cn:all
2020-01-25 01:03:25 remove libreoffice-help-en-us:all
2020-01-25 01:03:25 remove libreoffice-calc:amd64
2020-01-25 01:03:26 remove libreoffice-base-drivers:amd64
2020-01-25 01:03:26 remove libreoffice-pdfimport:all
2020-01-25 01:03:26 remove libreoffice-impress:amd64
2020-01-25 01:03:26 remove libreoffice-draw:amd64
2020-01-25 01:03:26 remove libreoffice-gnome:amd64
2020-01-25 01:03:26 remove libreoffice-help-en-gb:all
2020-01-25 01:03:26 remove libreoffice-math:amd64
2020-01-25 01:03:26 remove libreoffice-script-provider-bsh:all
2020-01-25 01:03:26 remove libreoffice-script-provider-js:all
2020-01-25 01:03:26 remove libreoffice-sdbc-firebird:amd64
2020-01-25 01:03:26 remove libreoffice-sdbc-mysql:amd64
2020-01-25 01:03:26 remove libreoffice-sdbc-postgresql:amd64
2020-01-25 01:03:26 remove libreoffice-wiki-publisher:all
2020-01-25 01:03:26 remove qml-module-org-kde-newstuff:amd64
2020-01-25 01:03:26 remove qml-module-org-kde-kirigami2:amd64
2020-01-25 01:03:27 remove qml-module-org-kde-kquickcontrolsaddons:amd64
2020-01-25 01:03:27 remove xorg:amd64
2020-01-25 01:03:27 remove xserver-xephyr:amd64
2020-01-25 01:03:27 remove xserver-xorg-video-all-hwe-18.04:amd64
2020-01-25 01:03:27 remove xserver-xorg-video-ati-hwe-18.04:amd64
2020-01-25 01:03:27 remove xserver-xorg-video-radeon-hwe-18.04:amd64
2020-01-25 01:03:27 remove xserver-xorg-hwe-amdgpu-video-amdgpu:amd64
2020-01-25 01:03:27 remove xserver-xorg-hwe-18.04:amd64
2020-01-25 01:03:27 remove xserver-xorg-input-wacom-hwe-18.04:amd64
2020-01-25 01:03:27 remove xserver-xorg-video-amdgpu-hwe-18.04:amd64
2020-01-25 01:03:27 remove xserver-xorg-video-vmware-hwe-18.04:amd64
2020-01-25 01:03:27 remove xserver-xorg-input-all-hwe-18.04:amd64
2020-01-25 01:03:27 remove xserver-xorg-input-libinput-hwe-18.04:amd64
2020-01-25 01:03:27 remove xserver-xorg-video-fbdev-hwe-18.04:amd64
2020-01-25 01:03:27 remove xserver-xorg-video-intel-hwe-18.04:amd64
2020-01-25 01:03:27 remove xserver-xorg-video-nouveau-hwe-18.04:amd64
2020-01-25 01:03:27 remove xserver-xorg-video-qxl-hwe-18.04:amd64
2020-01-25 01:03:27 remove xserver-xorg-video-vesa-hwe-18.04:amd64
2020-01-25 01:03:27 remove libreoffice-writer:amd64
2020-01-25 01:03:27 remove libreoffice-base-core:amd64
2020-01-25 01:03:27 remove xserver-xorg-core-hwe-18.04:amd64
2020-01-25 01:03:28 remove libreoffice-core:amd64
2020-01-25 01:03:28 remove libepoxy0:amd64
2020-01-25 01:04:08 remove flatpak:amd64
2020-01-25 01:04:09 remove fwupdate-signed:amd64
2020-01-25 01:04:09 remove fwupd-signed:amd64
2020-01-25 01:04:09 remove fwupdate:amd64
2020-01-25 01:04:09 remove fwupd:amd64
2020-01-25 01:04:09 remove ubuntu-web-launchers:all
2020-01-25 01:04:09 remove gir1.2-geoclue-2.0:amd64
2020-01-25 01:04:09 remove unity-lens-photos:all
2020-01-25 01:04:09 remove gir1.2-gdata-0.0:amd64
2020-01-25 01:04:09 remove gir1.2-geocodeglib-1.0:amd64
2020-01-25 01:04:09 remove libjson-glib-dev:amd64
2020-01-25 01:04:09 remove gir1.2-json-1.0:amd64
2020-01-25 01:04:09 remove gir1.2-snapd-1:amd64
2020-01-25 01:04:09 remove grilo-plugins-0.3-base:amd64
2020-01-25 01:04:09 remove gvfs-backends:amd64
2020-01-25 01:04:09 remove indicator-datetime:amd64
2020-01-25 01:04:10 remove indicator-sound:amd64
2020-01-25 01:04:10 remove libcanberra-pulse:amd64
2020-01-25 01:04:10 remove libedata-cal-1.2-28:amd64
2020-01-25 01:04:10 remove libebook-1.2-19:amd64
2020-01-25 01:04:10 remove libedata-book-1.2-25:amd64
2020-01-25 01:04:10 remove libebackend-1.2-10:amd64
2020-01-25 01:04:10 remove libebook-contacts-1.2-2:amd64
2020-01-25 01:04:10 remove libecal-1.2-19:amd64
2020-01-25 01:04:10 remove libedataserver-1.2-23:amd64
2020-01-25 01:04:10 remove libflatpak0:amd64
2020-01-25 01:04:10 remove libfwupd2:amd64
2020-01-25 01:04:10 remove libgdata22:amd64
2020-01-25 01:04:10 remove libgeocode-glib0:amd64
2020-01-25 01:04:10 remove pulseaudio-module-bluetooth:amd64
2020-01-25 01:04:10 remove pulseaudio:amd64
2020-01-25 01:04:10 remove libsnapd-glib1:amd64
2020-01-25 01:04:10 remove unity-scope-video-remote:amd64
2020-01-25 01:04:10 remove libtracker-sparql-2.0-0:amd64
2020-01-25 01:04:10 remove unity-scope-home:amd64
2020-01-25 01:04:10 remove geoclue-2.0:amd64
2020-01-25 01:04:10 remove libgeoclue-2-0:amd64
2020-01-25 01:04:11 remove libjson-glib-1.0-0:amd64
2020-01-25 01:04:30 remove avahi-utils:amd64
2020-01-25 01:04:30 remove libnss-mdns:amd64
2020-01-25 01:04:30 remove avahi-daemon:amd64
2020-01-25 01:04:31 remove ubuntu-standard:amd64
2020-01-25 01:04:32 remove dnsutils:amd64
2020-01-25 01:04:32 remove bind9-host:amd64
2020-01-25 01:04:32 remove bluez-cups:amd64
2020-01-25 01:04:32 remove default-jre:amd64
2020-01-25 01:04:32 remove openjdk-11-jre:amd64
2020-01-25 01:04:32 remove chkrootkit:amd64
2020-01-25 01:04:32 remove clipit:amd64
2020-01-25 01:04:32 remove cmake:amd64
2020-01-25 01:04:32 remove compizconfig-settings-manager:all
2020-01-25 01:04:32 remove conky-all:amd64
2020-01-25 01:04:32 remove printer-driver-postscript-hp:all
2020-01-25 01:04:32 remove hplip:amd64
2020-01-25 01:04:32 remove printer-driver-hpcups:amd64
2020-01-25 01:04:32 remove printer-driver-splix:amd64
2020-01-25 01:04:32 remove cups-browsed:amd64
2020-01-25 01:04:33 remove cups-bsd:amd64
2020-01-25 01:04:34 remove printer-driver-gutenprint:amd64
2020-01-25 01:04:34 remove printer-driver-m2300w:amd64
2020-01-25 01:04:34 remove cups:amd64
2020-01-25 01:04:34 remove cups-client:amd64
2020-01-25 01:04:34 remove cups-core-drivers:amd64
2020-01-25 01:04:34 remove cups-daemon:amd64
2020-01-25 01:04:35 remove ca-certificates-java:all
2020-01-25 01:04:35 remove cups-filters:amd64
2020-01-25 01:04:35 remove openjdk-11-jre-headless:amd64
2020-01-25 01:04:36 remove printer-driver-foo2zjs:amd64
2020-01-25 01:04:36 remove cups-filters-core-drivers:amd64
2020-01-25 01:04:36 remove cups-ipp-utils:amd64
2020-01-25 01:04:36 remove cups-pk-helper:amd64
2020-01-25 01:04:36 remove cups-ppdc:amd64
2020-01-25 01:04:36 remove curl:amd64
2020-01-25 01:04:36 remove dde-qt5integration:amd64
2020-01-25 01:04:36 remove default-jre-headless:amd64
2020-01-25 01:04:36 remove fcitx-config-gtk2:amd64
2020-01-25 01:04:36 remove fcitx-frontend-gtk2:amd64
2020-01-25 01:04:36 remove ffmpeg:amd64
2020-01-25 01:04:36 remove geoclue-ubuntu-geoip:amd64
2020-01-25 01:04:36 remove ghostscript-x:amd64
2020-01-25 01:04:36 remove printer-driver-sag-gdi:all
2020-01-25 01:04:37 remove gir1.2-appindicator-0.1:amd64
2020-01-25 01:04:37 remove gir1.2-gtk-2.0:amd64
2020-01-25 01:04:37 remove gir1.2-soup-2.4:amd64
2020-01-25 01:04:37 remove gitk:all
2020-01-25 01:04:37 remove git-gui:all
2020-01-25 01:04:37 remove git:amd64
2020-01-25 01:04:37 remove gpaint:amd64
2020-01-25 01:04:37 remove hardinfo:amd64
2020-01-25 01:04:37 remove ibus-sunpinyin:amd64
2020-01-25 01:04:37 remove kcalc:amd64
2020-01-25 01:04:37 remove kde-config-fcitx:amd64
2020-01-25 01:04:37 remove kerneloops:amd64
2020-01-25 01:04:38 remove partitionmanager:amd64
2020-01-25 01:04:38 remove libkf5newstuff5:amd64
2020-01-25 01:04:38 remove libkf5newstuffcore5:amd64
2020-01-25 01:04:38 remove kmag:amd64
2020-01-25 01:04:38 remove kpackagelauncherqml:amd64
2020-01-25 01:04:38 remove libapache2-mod-svn:amd64
2020-01-25 01:04:39 remove python-appindicator:amd64
2020-01-25 01:04:39 remove libappindicator1:amd64
2020-01-25 01:04:39 remove libappstream-glib8:amd64
2020-01-25 01:04:39 remove obs-studio:amd64
2020-01-25 01:04:40 remove libavdevice57:amd64
2020-01-25 01:04:40 remove libavdevice58:amd64
2020-01-25 01:04:40 remove libavfilter6:amd64
2020-01-25 01:04:40 remove libavfilter7:amd64
2020-01-25 01:04:40 remove mplayer:amd64
2020-01-25 01:04:40 remove libavformat58:amd64
2020-01-25 01:04:40 remove libbind9-160:amd64
2020-01-25 01:04:40 remove libcamel-1.2-61:amd64
2020-01-25 01:04:40 remove libcmis-0.5-5v5:amd64
2020-01-25 01:04:40 remove libsane-hpaio:amd64
2020-01-25 01:04:40 remove libhpmud0:amd64
2020-01-25 01:04:40 remove libcupscgi1:amd64
2020-01-25 01:04:40 remove printer-driver-c2esp:amd64
2020-01-25 01:04:40 remove libcupsfilters1:amd64
2020-01-25 01:04:40 remove libspectre1:amd64
2020-01-25 01:04:40 remove printer-driver-ptouch:amd64
2020-01-25 01:04:40 remove libcupsmime1:amd64
2020-01-25 01:04:40 remove libcupsppdc1:amd64
2020-01-25 01:04:40 remove network-manager-config-connectivity-ubuntu:all
2020-01-25 01:04:40 remove network-manager-pptp:amd64
2020-01-25 01:04:40 remove network-manager:amd64
2020-01-25 01:04:41 remove whoopsie:amd64
2020-01-25 01:04:42 remove libcurl4:amd64
2020-01-25 01:04:42 remove libdmapsharing-3.0-2:amd64
2020-01-25 01:04:42 remove libirs160:amd64
2020-01-25 01:04:42 remove libisccfg160:amd64
2020-01-25 01:04:42 remove libdns1100:amd64
2020-01-25 01:04:43 remove libfreerdp-client2-2:amd64
2020-01-25 01:04:43 remove libgail-common:amd64
2020-01-25 01:04:43 remove libgail18:amd64
2020-01-25 01:04:43 remove libgarcon-1-0:amd64
2020-01-25 01:04:43 remove libgimp2.0:amd64
2020-01-25 01:04:43 remove python-glade2:amd64
2020-01-25 01:04:43 remove libglade2-0:amd64
2020-01-25 01:04:43 remove libgrilo-0.3-0:amd64
2020-01-25 01:04:43 remove ssh-import-id:all
2020-01-25 01:04:43 remove openssh-server:amd64
2020-01-25 01:04:44 remove openssh-sftp-server:amd64
2020-01-25 01:04:44 remove libneon27-gnutls:amd64
2020-01-25 01:04:44 remove libgtk2-perl:amd64
2020-01-25 01:04:44 remove screenkey:all
2020-01-25 01:04:45 remove python-gtk2:amd64
2020-01-25 01:04:46 remove lxappearance:amd64
2020-01-25 01:04:46 remove libgtk2.0-bin:amd64
2020-01-25 01:04:46 remove libindicator7:amd64
2020-01-25 01:04:46 remove libkf5quickaddons5:amd64
2020-01-25 01:04:46 remove libkf5declarative5:amd64
2020-01-25 01:04:46 remove libkf5xmlgui5:amd64
2020-01-25 01:04:46 remove liboauth0:amd64
2020-01-25 01:04:46 remove libostree-1-1:amd64
2020-01-25 01:04:46 remove sysbench:amd64
2020-01-25 01:04:46 remove libpq5:amd64
2020-01-25 01:04:46 remove qtbase5-examples:amd64
2020-01-25 01:04:46 remove qtcreator:amd64
2020-01-25 01:04:46 remove teamviewer:amd64
2020-01-25 01:04:49 remove qttools5-dev-tools:amd64
2020-01-25 01:04:49 remove librdf0:amd64
2020-01-25 01:04:49 remove librasqal3:amd64
2020-01-25 01:04:49 remove libraptor2-0:amd64
2020-01-25 01:04:49 remove librest-0.7-0:amd64
2020-01-25 01:04:49 remove subversion-tools:amd64
2020-01-25 01:04:49 remove subversion:amd64
2020-01-25 01:04:49 remove libsmbclient:amd64
2020-01-25 01:04:49 remove libsoup-gnome2.4-1:amd64
2020-01-25 01:04:49 remove libsoup2.4-1:amd64
2020-01-25 01:04:49 remove libssh-4:amd64
2020-01-25 01:04:49 remove libsvn-perl:amd64
2020-01-25 01:04:49 remove libwnck22:amd64
2020-01-25 01:04:49 remove libxfce4ui-1-0:amd64
2020-01-25 01:04:49 remove phantomjs:amd64
2020-01-25 01:04:49 remove printer-driver-brlaser:amd64
2020-01-25 01:04:49 remove printer-driver-pnm2ppa:amd64
2020-01-25 01:04:49 remove samba:amd64
2020-01-25 01:04:51 remove winbind:amd64
2020-01-25 01:04:52 remove samba-common-bin:amd64
2020-01-25 01:04:52 remove python-samba:amd64
2020-01-25 01:04:52 remove python-subversion:amd64
2020-01-25 01:04:52 remove python-svn:amd64
2020-01-25 01:04:52 remove system-config-printer-udev:amd64
2020-01-25 01:04:52 remove python3-cupshelpers:all
2020-01-25 01:04:53 remove python3-cups:amd64
2020-01-25 01:04:53 remove qt5-assistant:amd64
2020-01-25 01:04:53 remove samba-dsdb-modules:amd64
2020-01-25 01:04:53 remove samba-vfs-modules:amd64
2020-01-25 01:04:53 remove samba-libs:amd64
2020-01-25 01:04:53 remove snapd:amd64
2020-01-25 01:04:54 remove ghostscript:amd64
2020-01-25 01:04:54 remove libgs9:amd64
2020-01-25 01:04:54 remove libcupsimage2:amd64
2020-01-25 01:04:54 remove libcurl3-gnutls:amd64
2020-01-25 01:04:54 remove openssh-client:amd64
2020-01-25 01:04:54 remove libgtk2.0-0:amd64
2020-01-25 01:04:54 remove libqt5webkit5:amd64
2020-01-25 01:04:55 remove libsvn1:amd64
2020-01-25 01:04:55 remove libserf-1-1:amd64
2020-01-25 01:04:56 remove libqt5printsupport5:amd64
2020-01-25 01:04:56 remove libcups2:amd64
2020-01-25 01:04:56 remove kinit:amd64
2020-01-25 01:04:56 remove kio:amd64
2020-01-25 01:04:56 remove libkf5wallet-bin:amd64
2020-01-25 01:04:56 remove libkf5wallet5:amd64
2020-01-25 01:04:56 remove libkwalletbackend5-5:amd64
2020-01-25 01:04:56 remove libkf5notifications5:amd64
2020-01-25 01:04:56 remove phonon4qt5:amd64
2020-01-25 01:04:56 remove phonon4qt5-backend-vlc:amd64
2020-01-25 01:04:56 remove vlc-plugin-base:amd64
2020-01-25 01:04:56 remove libavformat57:amd64
2020-01-25 01:04:56 remove libssh-gcrypt-4:amd64
2020-01-25 01:04:57 remove libgssapi-krb5-2:amd64
2020-01-25 01:04:57 remove libkrb5-3:amd64
2020-01-25 01:04:57 remove libk5crypto3:amd64
2020-01-25 01:04:57 remove libkrb5support0:amd64
